<?xml version="1.0" encoding="UTF-8"?>
<!-- Generated by org.testng.reporters.JUnitReportReporter -->
<testsuite hostname="DESKTOP-KTC965A" failures="0" tests="2" name="testNGAnnotations.Testing" time="0.015" errors="0" timestamp="2022-12-26T14:22:03 IST" skipped="0">
  <testcase classname="testNGAnnotations.Testing" name="TC2" time="0.000"/>
  <system-out>
    <![CDATA[TC2 is running]]>
  </system-out>
  <testcase classname="testNGAnnotations.Testing" name="TC1" time="0.015"/>
  <system-out>
    <![CDATA[TC1 is running]]>
  </system-out>
</testsuite> <!-- testNGAnnotations.Testing -->
