<?xml version="1.0" encoding="UTF-8"?>
<!-- Generated by org.testng.reporters.JUnitReportReporter -->
<testsuite hostname="DESKTOP-KTC965A" failures="0" tests="1" name="varificationUsingTestNG.AssertTrue" time="0.014" errors="0" timestamp="2022-12-30T14:35:44 IST" skipped="0">
  <testcase classname="varificationUsingTestNG.AssertTrue" name="TrueCheck" time="0.014"/>
  <system-out/>
</testsuite> <!-- varificationUsingTestNG.AssertTrue -->
