<?xml version="1.0" encoding="UTF-8"?>
<!-- Generated by org.testng.reporters.JUnitReportReporter -->
<testsuite hostname="DESKTOP-KTC965A" failures="0" tests="1" name="varificationUsingTestNG.RadioButtonValidation" time="29.671" errors="0" timestamp="2022-12-30T15:08:42 IST" skipped="0">
  <testcase classname="varificationUsingTestNG.RadioButtonValidation" name="validateRadioButtonStatus" time="29.671"/>
  <system-out/>
</testsuite> <!-- varificationUsingTestNG.RadioButtonValidation -->
