<?xml version="1.0" encoding="UTF-8"?>
<!-- Generated by org.testng.reporters.JUnitReportReporter -->
<testsuite hostname="DESKTOP-KTC965A" failures="0" tests="2" name="crossBrowserTesting.CrossBrowserTest" time="21.494" errors="0" timestamp="2023-01-02T14:42:15 IST" skipped="0">
  <testcase classname="crossBrowserTesting.CrossBrowserTest" name="cbTesting" time="10.043"/>
  <system-out/>
  <testcase classname="crossBrowserTesting.CrossBrowserTest" name="cbTesting" time="11.451"/>
  <system-out/>
</testsuite> <!-- crossBrowserTesting.CrossBrowserTest -->
