<?xml version="1.0" encoding="UTF-8"?>
<!-- Generated by org.testng.reporters.JUnitReportReporter -->
<testsuite hostname="DESKTOP-KTC965A" failures="0" tests="2" name="text_engin.NeoStoxSample2" time="30.285" errors="0" timestamp="2022-12-26T12:54:38 IST" skipped="0">
  <testcase classname="text_engin.NeoStoxSample2" name="NeoStoxLaunch" time="11.080"/>
  <system-out>
    <![CDATA[Hi this is reporter
Hi this is reporter--->console]]>
  </system-out>
  <testcase classname="text_engin.NeoStoxSample2" name="upstoxLaunch" time="19.205"/>
  <system-out>
    <![CDATA[Hi this is reporter
Hi this is reporter--->console]]>
  </system-out>
</testsuite> <!-- text_engin.NeoStoxSample2 -->
