<?xml version="1.0" encoding="UTF-8"?>
<!-- Generated by org.testng.reporters.JUnitReportReporter -->
<testsuite hostname="DESKTOP-KTC965A" failures="0" tests="1" name="serialParallelExecution.MyTest1" time="6.217" errors="0" timestamp="2023-01-02T14:53:50 IST" skipped="0">
  <testcase classname="serialParallelExecution.MyTest1" name="google" time="6.217"/>
  <system-out/>
</testsuite> <!-- serialParallelExecution.MyTest1 -->
