<?xml version="1.0" encoding="UTF-8"?>
<!-- Generated by org.testng.reporters.JUnitReportReporter -->
<testsuite hostname="DESKTOP-KTC965A" failures="0" tests="4" name="testNGKeyWords.Enabled" time="0.020" errors="0" timestamp="2022-12-26T18:52:04 IST" skipped="1">
  <testcase classname="testNGKeyWords.Enabled" name="c" time="0.002"/>
  <system-out>
    <![CDATA[TC c is running]]>
  </system-out>
  <testcase classname="testNGKeyWords.Enabled" name="d" time="0.003"/>
  <system-out>
    <![CDATA[TC d is running]]>
  </system-out>
  <testcase classname="testNGKeyWords.Enabled" name="a" time="0.015"/>
  <system-out>
    <![CDATA[TC a is running]]>
  </system-out>
  <testcase classname="testNGKeyWords.Enabled" name="b">
    <skipped/>
  </testcase> <!-- b -->
  <system-out/>
</testsuite> <!-- testNGKeyWords.Enabled -->
