<?xml version="1.0" encoding="UTF-8"?>
<!-- Generated by org.testng.reporters.JUnitReportReporter -->
<testsuite hostname="DESKTOP-KTC965A" failures="0" tests="1" name="neoStoxPOMClassesUsingDDF.pwd" time="0.732" errors="0" timestamp="2023-01-04T16:23:59 IST" skipped="0">
  <testcase classname="neoStoxPOMClassesUsingDDF.pwd" name="test" time="0.732"/>
  <system-out/>
</testsuite> <!-- neoStoxPOMClassesUsingDDF.pwd -->
