<?xml version="1.0" encoding="UTF-8"?>
<!-- Generated by org.testng.reporters.JUnitReportReporter -->
<testsuite hostname="DESKTOP-KTC965A" failures="0" tests="4" name="testNGKeyWords.Priority" time="0.016" errors="0" timestamp="2022-12-26T14:30:52 IST" skipped="0">
  <testcase classname="testNGKeyWords.Priority" name="b" time="0.016"/>
  <system-out>
    <![CDATA[TC b is running]]>
  </system-out>
  <testcase classname="testNGKeyWords.Priority" name="c" time="0.000"/>
  <system-out>
    <![CDATA[TC c is running]]>
  </system-out>
  <testcase classname="testNGKeyWords.Priority" name="d" time="0.000"/>
  <system-out>
    <![CDATA[TC d is running]]>
  </system-out>
  <testcase classname="testNGKeyWords.Priority" name="a" time="0.000"/>
  <system-out>
    <![CDATA[TC a is running]]>
  </system-out>
</testsuite> <!-- testNGKeyWords.Priority -->
