<?xml version="1.0" encoding="UTF-8"?>
<!-- Generated by org.testng.reporters.JUnitReportReporter -->
<testsuite hostname="DESKTOP-KTC965A" failures="0" tests="1" name="text_engin.NewTest" time="8.309" errors="0" timestamp="2022-12-24T13:00:05 IST" skipped="0">
  <testcase classname="text_engin.NewTest" name="NeoStoxLaunch" time="8.309"/>
  <system-out/>
</testsuite> <!-- text_engin.NewTest -->
