<?xml version="1.0" encoding="UTF-8"?>
<!-- Generated by org.testng.reporters.JUnitReportReporter -->
<testsuite hostname="DESKTOP-KTC965A" failures="0" tests="2" name="textENxmlStudy.NeoStox4" time="0.003" errors="0" timestamp="2022-12-29T15:26:28 IST" skipped="0">
  <testcase classname="textENxmlStudy.NeoStox4" name="h" time="0.001"/>
  <system-out>
    <![CDATA[TC h is running]]>
  </system-out>
  <testcase classname="textENxmlStudy.NeoStox4" name="j" time="0.002"/>
  <system-out>
    <![CDATA[TC j is running]]>
  </system-out>
</testsuite> <!-- textENxmlStudy.NeoStox4 -->
