<?xml version="1.0" encoding="UTF-8"?>
<!-- Generated by org.testng.reporters.JUnitReportReporter -->
<testsuite hostname="DESKTOP-KTC965A" failures="0" tests="3" name="textENxmlStudy.NeoStox2" time="0.004" errors="0" timestamp="2022-12-29T15:07:21 IST" skipped="0">
  <testcase classname="textENxmlStudy.NeoStox2" name="f" time="0.002"/>
  <system-out>
    <![CDATA[TC f is reunning]]>
  </system-out>
  <testcase classname="textENxmlStudy.NeoStox2" name="j" time="0.001"/>
  <system-out>
    <![CDATA[TC j is reunning]]>
  </system-out>
  <testcase classname="textENxmlStudy.NeoStox2" name="g" time="0.001"/>
  <system-out>
    <![CDATA[TC g is reunning]]>
  </system-out>
</testsuite> <!-- textENxmlStudy.NeoStox2 -->
