<?xml version="1.0" encoding="UTF-8"?>
<!-- Generated by org.testng.reporters.JUnitReportReporter -->
<testsuite hostname="DESKTOP-KTC965A" failures="0" tests="1" name="testNGKeyWords.TimeOut" time="0.124" errors="0" timestamp="2022-12-27T13:00:32 IST" skipped="0">
  <testcase classname="testNGKeyWords.TimeOut" name="testing" time="0.124"/>
  <system-out>
    <![CDATA[TC testing is running]]>
  </system-out>
</testsuite> <!-- testNGKeyWords.TimeOut -->
