<?xml version="1.0" encoding="UTF-8"?>
<!-- Generated by org.testng.reporters.JUnitReportReporter -->
<testsuite hostname="DESKTOP-KTC965A" failures="0" tests="2" name="crossBrowserTesting.GeckoTesting" time="37.237" errors="0" timestamp="2023-01-02T14:51:06 IST" skipped="0">
  <testcase classname="crossBrowserTesting.GeckoTesting" name="fireFoxTest" time="18.485"/>
  <system-out/>
  <testcase classname="crossBrowserTesting.GeckoTesting" name="fireFoxTest" time="18.752"/>
  <system-out/>
</testsuite> <!-- crossBrowserTesting.GeckoTesting -->
