<?xml version="1.0" encoding="UTF-8"?>
<!-- Generated by org.testng.reporters.JUnitReportReporter -->
<testsuite hostname="DESKTOP-KTC965A" failures="0" tests="3" name="testNGAnnotations.BeforeClassUse" time="0.000" errors="0" timestamp="2022-12-26T14:04:30 IST" skipped="0">
  <testcase classname="testNGAnnotations.BeforeClassUse" name="TC1" time="0.000"/>
  <system-out>
    <![CDATA[TC1 is running]]>
  </system-out>
  <testcase classname="testNGAnnotations.BeforeClassUse" name="Aftermethod" time="0.000"/>
  <system-out>
    <![CDATA[AfterMethod is running]]>
  </system-out>
  <testcase classname="testNGAnnotations.BeforeClassUse" name="TC2" time="0.000"/>
  <system-out>
    <![CDATA[TC2 is running]]>
  </system-out>
</testsuite> <!-- testNGAnnotations.BeforeClassUse -->
