<?xml version="1.0" encoding="UTF-8"?>
<!-- Generated by org.testng.reporters.JUnitReportReporter -->
<testsuite hostname="DESKTOP-KTC965A" failures="0" tests="2" name="testNGAnnotations.MyTesting" time="0.031" errors="0" timestamp="2022-12-26T13:48:06 IST" skipped="0">
  <testcase classname="testNGAnnotations.MyTesting" name="ValidateACBalance" time="0.016"/>
  <system-out>
    <![CDATA[validateACBalance is running]]>
  </system-out>
  <testcase classname="testNGAnnotations.MyTesting" name="ValidateUserID" time="0.015"/>
  <system-out>
    <![CDATA[validateUserID is running]]>
  </system-out>
</testsuite> <!-- testNGAnnotations.MyTesting -->
