<?xml version="1.0" encoding="UTF-8"?>
<!-- Generated by org.testng.reporters.JUnitReportReporter -->
<testsuite hostname="DESKTOP-KTC965A" failures="0" tests="3" name="textENxmlStudy.NeoStox3" time="0.016" errors="0" timestamp="2022-12-29T15:26:28 IST" skipped="0">
  <testcase classname="textENxmlStudy.NeoStox3" name="a" time="0.013"/>
  <system-out>
    <![CDATA[TC a is running]]>
  </system-out>
  <testcase classname="textENxmlStudy.NeoStox3" name="c" time="0.001"/>
  <system-out>
    <![CDATA[TC c is running]]>
  </system-out>
  <testcase classname="textENxmlStudy.NeoStox3" name="d" time="0.002"/>
  <system-out>
    <![CDATA[TC d is running]]>
  </system-out>
</testsuite> <!-- textENxmlStudy.NeoStox3 -->
