<?xml version="1.0" encoding="UTF-8"?>
<!-- Generated by org.testng.reporters.JUnitReportReporter -->
<testsuite hostname="DESKTOP-KTC965A" failures="0" tests="1" name="testNGAnnotations.NewNeoStoxUserIDValidation" time="0.015" errors="0" timestamp="2022-12-26T14:16:25 IST" skipped="0">
  <testcase classname="testNGAnnotations.NewNeoStoxUserIDValidation" name="validateUserName" time="0.015"/>
  <system-out>
    <![CDATA[UserName validated]]>
  </system-out>
</testsuite> <!-- testNGAnnotations.NewNeoStoxUserIDValidation -->
