<?xml version="1.0" encoding="UTF-8"?>
<!-- Generated by org.testng.reporters.JUnitReportReporter -->
<testsuite hostname="DESKTOP-KTC965A" failures="0" tests="1" name="serialParallelExecution.MyTest2" time="5.237" errors="0" timestamp="2023-01-02T14:53:50 IST" skipped="0">
  <testcase classname="serialParallelExecution.MyTest2" name="fb" time="5.237"/>
  <system-out/>
</testsuite> <!-- serialParallelExecution.MyTest2 -->
