<?xml version="1.0" encoding="UTF-8"?>
<!-- Generated by org.testng.reporters.JUnitReportReporter -->
<testsuite hostname="DESKTOP-KTC965A" failures="0" tests="1" name="varificationUsingTestNG.AssertNotEqual" time="0.018" errors="0" timestamp="2022-12-30T14:28:09 IST" skipped="0">
  <testcase classname="varificationUsingTestNG.AssertNotEqual" name="notEqual" time="0.018"/>
  <system-out/>
</testsuite> <!-- varificationUsingTestNG.AssertNotEqual -->
