<?xml version="1.0" encoding="UTF-8"?>
<!-- Generated by org.testng.reporters.JUnitReportReporter -->
<testsuite hostname="DESKTOP-KTC965A" failures="0" tests="3" name="testNGKeyWords.MultipleKeywards" time="0.015" errors="0" timestamp="2022-12-27T13:20:09 IST" skipped="0">
  <testcase classname="testNGKeyWords.MultipleKeywards" name="a" time="0.012"/>
  <system-out>
    <![CDATA[A is running ]]>
  </system-out>
  <testcase classname="testNGKeyWords.MultipleKeywards" name="b" time="0.002"/>
  <system-out>
    <![CDATA[B is running ]]>
  </system-out>
  <testcase classname="testNGKeyWords.MultipleKeywards" name="c" time="0.001"/>
  <system-out>
    <![CDATA[c is running ]]>
  </system-out>
</testsuite> <!-- testNGKeyWords.MultipleKeywards -->
