<?xml version="1.0" encoding="UTF-8"?>
<!-- Generated by org.testng.reporters.JUnitReportReporter -->
<testsuite hostname="DESKTOP-KTC965A" failures="0" tests="1" name="neoStoxTestClasses.A" time="6.485" errors="0" timestamp="2023-01-07T14:04:46 IST" skipped="0">
  <testcase classname="neoStoxTestClasses.A" name="f" time="6.485"/>
  <system-out>
    <![CDATA[waiting for1000ms
launching Browser]]>
  </system-out>
</testsuite> <!-- neoStoxTestClasses.A -->
