<?xml version="1.0" encoding="UTF-8"?>
<!-- Generated by org.testng.reporters.JUnitReportReporter -->
<testsuite hostname="DESKTOP-KTC965A" failures="0" tests="5" name="testNGKeyWords.InvocationCount" time="0.032" errors="0" timestamp="2022-12-26T14:27:08 IST" skipped="0">
  <testcase classname="testNGKeyWords.InvocationCount" name="myTest" time="0.016"/>
  <system-out>
    <![CDATA[MyTest is running]]>
  </system-out>
  <testcase classname="testNGKeyWords.InvocationCount" name="myTest" time="0.016"/>
  <system-out>
    <![CDATA[MyTest is running]]>
  </system-out>
  <testcase classname="testNGKeyWords.InvocationCount" name="myTest" time="0.000"/>
  <system-out>
    <![CDATA[MyTest is running]]>
  </system-out>
  <testcase classname="testNGKeyWords.InvocationCount" name="myTest" time="0.000"/>
  <system-out>
    <![CDATA[MyTest is running]]>
  </system-out>
  <testcase classname="testNGKeyWords.InvocationCount" name="myTest" time="0.000"/>
  <system-out>
    <![CDATA[MyTest is running]]>
  </system-out>
</testsuite> <!-- testNGKeyWords.InvocationCount -->
